<?xml version="1.0" encoding="UTF-8"?>
<!-- Generated by org.testng.reporters.JUnitXMLReporter -->
<testsuite ignored="0" hostname="DESKTOP-DDCT8L3" failures="2" tests="2" name="firefox" time="138.307" errors="0" timestamp="2026-06-23T09:14:08 IST">
  <testcase classname="yatra.testcases.YatraSearchFlights" name="yatra_search_flight" time="61.904">
    <failure type="org.openqa.selenium.ElementNotInteractableException" message="Element &amp;lt;i class=&amp;quot;ytfi-arrow-right cursor-pointer&amp;quot;&amp;gt; could not be scrolled into view
Build info: version: &amp;apos;4.25.0&amp;apos;, revision: &amp;apos;8a8aea2337&amp;apos;
System info: os.name: &amp;apos;Windows 11&amp;apos;, os.arch: &amp;apos;amd64&amp;apos;, os.version: &amp;apos;10.0&amp;apos;, java.version: &amp;apos;17.0.15&amp;apos;
Driver info: org.openqa.selenium.firefox.FirefoxDriver
Command: [01b9d746-fd69-4bd9-a45e-b03a68bbbaca, clickElement {id=38a91280-3784-4503-af7b-280a4e1374ef}]
Capabilities {acceptInsecureCerts: true, browserName: firefox, browserVersion: 150.0.1, moz:accessibilityChecks: false, moz:buildID: 20260427013024, moz:geckodriverVersion: 0.37.0, moz:headless: false, moz:platformVersion: 10.0, moz:processID: 12528, moz:profile: C:\Users\BAPS\AppData\Local..., moz:shutdownTimeout: 60000, moz:webdriverClick: true, moz:windowless: false, pageLoadStrategy: normal, platformName: windows, proxy: Proxy(), setWindowRect: true, strictFileInteractability: false, timeouts: {implicit: 0, pageLoad: 300000, script: 30000}, unhandledPromptBehavior: dismiss and notify, userAgent: Mozilla/5.0 (Windows NT 10....}
Element: [[FirefoxDriver: firefox on windows (01b9d746-fd69-4bd9-a45e-b03a68bbbaca)] -&amp;gt; xpath: //div[contains(@class,&amp;apos;datepicker-inner full&amp;apos;)]/i[@class=&amp;apos;ytfi-arrow-right cursor-pointer&amp;apos;]]
Session ID: 01b9d746-fd69-4bd9-a45e-b03a68bbbaca">
      <![CDATA[org.openqa.selenium.ElementNotInteractableException: Element <i class="ytfi-arrow-right cursor-pointer"> could not be scrolled into view
Build info: version: '4.25.0', revision: '8a8aea2337'
System info: os.name: 'Windows 11', os.arch: 'amd64', os.version: '10.0', java.version: '17.0.15'
Driver info: org.openqa.selenium.firefox.FirefoxDriver
Command: [01b9d746-fd69-4bd9-a45e-b03a68bbbaca, clickElement {id=38a91280-3784-4503-af7b-280a4e1374ef}]
Capabilities {acceptInsecureCerts: true, browserName: firefox, browserVersion: 150.0.1, moz:accessibilityChecks: false, moz:buildID: 20260427013024, moz:geckodriverVersion: 0.37.0, moz:headless: false, moz:platformVersion: 10.0, moz:processID: 12528, moz:profile: C:\Users\BAPS\AppData\Local..., moz:shutdownTimeout: 60000, moz:webdriverClick: true, moz:windowless: false, pageLoadStrategy: normal, platformName: windows, proxy: Proxy(), setWindowRect: true, strictFileInteractability: false, timeouts: {implicit: 0, pageLoad: 300000, script: 30000}, unhandledPromptBehavior: dismiss and notify, userAgent: Mozilla/5.0 (Windows NT 10....}
Element: [[FirefoxDriver: firefox on windows (01b9d746-fd69-4bd9-a45e-b03a68bbbaca)] -> xpath: //div[contains(@class,'datepicker-inner full')]/i[@class='ytfi-arrow-right cursor-pointer']]
Session ID: 01b9d746-fd69-4bd9-a45e-b03a68bbbaca
at org.openqa.selenium.remote.ErrorCodec.decode(ErrorCodec.java:167)
at org.openqa.selenium.remote.codec.w3c.W3CHttpResponseCodec.decode(W3CHttpResponseCodec.java:138)
at org.openqa.selenium.remote.codec.w3c.W3CHttpResponseCodec.decode(W3CHttpResponseCodec.java:50)
at org.openqa.selenium.remote.HttpCommandExecutor.execute(HttpCommandExecutor.java:190)
at org.openqa.selenium.remote.service.DriverCommandExecutor.invokeExecute(DriverCommandExecutor.java:216)
at org.openqa.selenium.remote.service.DriverCommandExecutor.execute(DriverCommandExecutor.java:174)
at org.openqa.selenium.remote.RemoteWebDriver.execute(RemoteWebDriver.java:545)
at org.openqa.selenium.remote.RemoteWebElement.execute(RemoteWebElement.java:223)
at org.openqa.selenium.remote.RemoteWebElement.click(RemoteWebElement.java:76)
at yatra.pages.YatraSearchResultsPage.navigateToMonth(YatraSearchResultsPage.java:85)
at yatra.pages.YatraSearchResultsPage.getFareForNextNDays(YatraSearchResultsPage.java:70)
at yatra.testcases.YatraSearchFlights.yatra_search_flight(YatraSearchFlights.java:71)
at java.base/java.util.ArrayList.forEach(ArrayList.java:1511)
at java.base/java.util.concurrent.FutureTask.run(FutureTask.java:264)
at java.base/java.util.concurrent.ThreadPoolExecutor.runWorker(ThreadPoolExecutor.java:1136)
at java.base/java.util.concurrent.ThreadPoolExecutor$Worker.run(ThreadPoolExecutor.java:635)
at java.base/java.lang.Thread.run(Thread.java:842)
... Removed 22 stack frames]]>
    </failure>
  </testcase> <!-- yatra_search_flight -->
  <testcase classname="yatra.testcases.YatraSearchFlights" name="yatra_search_flight" time="19.719">
    <failure type="java.lang.IndexOutOfBoundsException" message="Index 1 out of bounds for length 0">
      <![CDATA[java.lang.IndexOutOfBoundsException: Index 1 out of bounds for length 0
at java.base/jdk.internal.util.Preconditions.outOfBounds(Preconditions.java:64)
at java.base/jdk.internal.util.Preconditions.outOfBoundsCheckIndex(Preconditions.java:70)
at java.base/jdk.internal.util.Preconditions.checkIndex(Preconditions.java:266)
at java.base/java.util.Objects.checkIndex(Objects.java:359)
at java.base/java.util.ArrayList.get(ArrayList.java:427)
at yatra.pages.YatraHomePage.navigateToMonth(YatraHomePage.java:86)
at yatra.pages.YatraHomePage.selectDate(YatraHomePage.java:79)
at yatra.pages.YatraHomePage.selectReturnDate(YatraHomePage.java:68)
at yatra.testcases.YatraSearchFlights.yatra_search_flight(YatraSearchFlights.java:64)
at java.base/java.util.ArrayList.forEach(ArrayList.java:1511)
at java.base/java.util.concurrent.FutureTask.run(FutureTask.java:264)
at java.base/java.util.concurrent.ThreadPoolExecutor.runWorker(ThreadPoolExecutor.java:1136)
at java.base/java.util.concurrent.ThreadPoolExecutor$Worker.run(ThreadPoolExecutor.java:635)
at java.base/java.lang.Thread.run(Thread.java:842)
... Removed 17 stack frames]]>
    </failure>
  </testcase> <!-- yatra_search_flight -->
</testsuite> <!-- firefox -->
