<?xml version="1.0" encoding="UTF-8"?>
<!-- Generated by org.testng.reporters.JUnitXMLReporter -->
<testsuite ignored="0" hostname="DESKTOP-DDCT8L3" failures="2" tests="2" name="firefox" time="109.799" errors="0" timestamp="2026-06-23T12:19:15 IST">
  <testcase classname="yatra.testcases.YatraSearchFlights" name="yatra_search_flight" time="17.433">
    <failure type="java.lang.IndexOutOfBoundsException" message="Index 1 out of bounds for length 0">
      <![CDATA[java.lang.IndexOutOfBoundsException: Index 1 out of bounds for length 0
at java.base/jdk.internal.util.Preconditions.outOfBounds(Preconditions.java:64)
at java.base/jdk.internal.util.Preconditions.outOfBoundsCheckIndex(Preconditions.java:70)
at java.base/jdk.internal.util.Preconditions.checkIndex(Preconditions.java:266)
at java.base/java.util.Objects.checkIndex(Objects.java:359)
at java.base/java.util.ArrayList.get(ArrayList.java:427)
at yatra.pages.YatraHomePage.navigateToMonth(YatraHomePage.java:86)
at yatra.pages.YatraHomePage.selectDate(YatraHomePage.java:79)
at yatra.pages.YatraHomePage.selectDepartureDate(YatraHomePage.java:61)
at yatra.testcases.YatraSearchFlights.yatra_search_flight(YatraSearchFlights.java:63)
at java.base/java.util.ArrayList.forEach(ArrayList.java:1511)
at java.base/java.util.concurrent.FutureTask.run(FutureTask.java:264)
at java.base/java.util.concurrent.ThreadPoolExecutor.runWorker(ThreadPoolExecutor.java:1136)
at java.base/java.util.concurrent.ThreadPoolExecutor$Worker.run(ThreadPoolExecutor.java:635)
at java.base/java.lang.Thread.run(Thread.java:842)
... Removed 17 stack frames]]>
    </failure>
  </testcase> <!-- yatra_search_flight -->
  <testcase classname="yatra.testcases.YatraSearchFlights" name="yatra_search_flight" time="71.903">
    <failure type="java.lang.RuntimeException" message="Element not found or not visible: By.xpath: //div[@class=&amp;apos;month-name full&amp;apos; and contains(text(),&amp;apos;Jul 2026&amp;apos;)]/..//span[@class=&amp;apos;full date-val&amp;apos; and text()=&amp;apos;5&amp;apos;]">
      <![CDATA[java.lang.RuntimeException: Element not found or not visible: By.xpath: //div[@class='month-name full' and contains(text(),'Jul 2026')]/..//span[@class='full date-val' and text()='5']
at utils.Element.getElement(Element.java:47)
at utils.Element.click(Element.java:34)
at yatra.pages.YatraSearchResultsPage.clickDate(YatraSearchResultsPage.java:107)
at yatra.pages.YatraSearchResultsPage.getFareForNextNDays(YatraSearchResultsPage.java:75)
at yatra.testcases.YatraSearchFlights.yatra_search_flight(YatraSearchFlights.java:71)
at java.base/java.util.ArrayList.forEach(ArrayList.java:1511)
at java.base/java.util.concurrent.FutureTask.run(FutureTask.java:264)
at java.base/java.util.concurrent.ThreadPoolExecutor.runWorker(ThreadPoolExecutor.java:1136)
at java.base/java.util.concurrent.ThreadPoolExecutor$Worker.run(ThreadPoolExecutor.java:635)
at java.base/java.lang.Thread.run(Thread.java:842)
Caused by: org.openqa.selenium.TimeoutException: Expected condition failed: waiting for visibility of element found by By.xpath: //div[@class='month-name full' and contains(text(),'Jul 2026')]/..//span[@class='full date-val' and text()='5'], but... org.openqa.selenium.NoSuchElementException: Unable to locate element: //div[@class='month-name full' and contains(text(),'Jul 2026')]/..//span[@class='full date-val' and text()='5'].
(tried for 5 seconds with 500 milliseconds interval)
Build info: version: '4.45.0', revision: 'cd6a3cd cd6a3cdfca6970f62e5bc8344109d0fe0e2af05e'
System info: os.name: 'Windows 11', os.arch: 'amd64', os.version: '10.0', java.version: '17.0.15'
Driver info: org.openqa.selenium.firefox.FirefoxDriver
Capabilities {acceptInsecureCerts: true, browserName: firefox, browserVersion: 152.0.1, moz:accessibilityChecks: false, moz:buildID: 20260617213557, moz:geckodriverVersion: 0.37.0, moz:headless: false, moz:platformVersion: 10.0, moz:processID: 2892, moz:profile: C:\Users\BAPS\AppData\Local..., moz:shutdownTimeout: 60000, moz:webdriverClick: true, moz:windowless: false, pageLoadStrategy: normal, platformName: windows, proxy: Proxy(), setWindowRect: true, strictFileInteractability: false, timeouts: {implicit: 0, pageLoad: 300000, script: 30000}, unhandledPromptBehavior: dismiss and notify, userAgent: Mozilla/5.0 (Windows NT 10....}
Session ID: 4bb51d5c-b78d-4588-a3d1-df7537492623
at org.openqa.selenium.support.ui.WebDriverWait.timeoutException(WebDriverWait.java:85)
at org.openqa.selenium.support.ui.FluentWait.until(FluentWait.java:234)
at utils.Element.getElement(Element.java:45)
... 26 more
... Removed 17 stack frames]]>
    </failure>
  </testcase> <!-- yatra_search_flight -->
</testsuite> <!-- firefox -->
