<?xml version="1.0" encoding="UTF-8"?>
<testng-results ignored="0" total="6" passed="4" failed="2" skipped="0">
  <reporter-output>
  </reporter-output>
  <suite started-at="2026-06-23T12:17:25 IST" name="Suite" finished-at="2026-06-23T12:22:26 IST" duration-ms="300942">
    <groups>
    </groups>
    <test started-at="2026-06-23T12:17:25 IST" name="firefox" finished-at="2026-06-23T12:19:15 IST" duration-ms="109799">
      <class name="yatra.testcases.YatraSearchFlights">
        <test-method is-config="true" signature="setup(java.lang.String)[pri:0, instance:yatra.testcases.YatraSearchFlights@3bb9a3ff]" started-at="2026-06-23T12:17:26 IST" name="setup" finished-at="2026-06-23T12:17:35 IST" duration-ms="9407" status="PASS">
          <params>
            <param index="0">
              <value>
                <![CDATA[firefox]]>
              </value>
            </param>
          </params>
          <reporter-output>
          </reporter-output>
        </test-method> <!-- setup -->
        <test-method signature="yatra_search_flight(java.util.Map)[pri:0, instance:yatra.testcases.YatraSearchFlights@3bb9a3ff]" started-at="2026-06-23T12:17:35 IST" name="yatra_search_flight" description="Yatra - Search flight and get cheapest flight for given n days" data-provider="flightSearchData" finished-at="2026-06-23T12:17:52 IST" duration-ms="17433" status="FAIL">
          <params>
            <param index="0">
              <value>
                <![CDATA[{cabinClass=Economy, travellers=1,1,1, daysToCheck=5, from=Boston, to=Amsterdam, depart=today+1, return=today+9}]]>
              </value>
            </param>
          </params>
          <exception class="java.lang.IndexOutOfBoundsException">
            <message>
              <![CDATA[Index 1 out of bounds for length 0]]>
            </message>
            <full-stacktrace>
              <![CDATA[java.lang.IndexOutOfBoundsException: Index 1 out of bounds for length 0
at java.base/jdk.internal.util.Preconditions.outOfBounds(Preconditions.java:64)
at java.base/jdk.internal.util.Preconditions.outOfBoundsCheckIndex(Preconditions.java:70)
at java.base/jdk.internal.util.Preconditions.checkIndex(Preconditions.java:266)
at java.base/java.util.Objects.checkIndex(Objects.java:359)
at java.base/java.util.ArrayList.get(ArrayList.java:427)
at yatra.pages.YatraHomePage.navigateToMonth(YatraHomePage.java:86)
at yatra.pages.YatraHomePage.selectDate(YatraHomePage.java:79)
at yatra.pages.YatraHomePage.selectDepartureDate(YatraHomePage.java:61)
at yatra.testcases.YatraSearchFlights.yatra_search_flight(YatraSearchFlights.java:63)
at java.base/jdk.internal.reflect.NativeMethodAccessorImpl.invoke0(Native Method)
at java.base/jdk.internal.reflect.NativeMethodAccessorImpl.invoke(NativeMethodAccessorImpl.java:77)
at java.base/jdk.internal.reflect.DelegatingMethodAccessorImpl.invoke(DelegatingMethodAccessorImpl.java:43)
at java.base/java.lang.reflect.Method.invoke(Method.java:568)
at org.testng.internal.invokers.MethodInvocationHelper.invokeMethod(MethodInvocationHelper.java:141)
at org.testng.internal.invokers.TestInvoker.invokeMethod(TestInvoker.java:686)
at org.testng.internal.invokers.TestInvoker.invokeTestMethod(TestInvoker.java:230)
at org.testng.internal.invokers.MethodRunner.runInSequence(MethodRunner.java:63)
at org.testng.internal.invokers.TestInvoker$MethodInvocationAgent.invoke(TestInvoker.java:992)
at org.testng.internal.invokers.TestInvoker.invokeTestMethods(TestInvoker.java:203)
at org.testng.internal.invokers.TestMethodWorker.invokeTestMethods(TestMethodWorker.java:154)
at org.testng.internal.invokers.TestMethodWorker.run(TestMethodWorker.java:134)
at java.base/java.util.ArrayList.forEach(ArrayList.java:1511)
at org.testng.TestRunner.privateRun(TestRunner.java:739)
at org.testng.TestRunner.run(TestRunner.java:614)
at org.testng.SuiteRunner.runTest(SuiteRunner.java:421)
at org.testng.SuiteRunner$SuiteWorker.run(SuiteRunner.java:463)
at org.testng.internal.thread.ThreadUtil.lambda$execute$0(ThreadUtil.java:64)
at java.base/java.util.concurrent.FutureTask.run(FutureTask.java:264)
at java.base/java.util.concurrent.ThreadPoolExecutor.runWorker(ThreadPoolExecutor.java:1136)
at java.base/java.util.concurrent.ThreadPoolExecutor$Worker.run(ThreadPoolExecutor.java:635)
at java.base/java.lang.Thread.run(Thread.java:842)
]]>
            </full-stacktrace>
          </exception> <!-- java.lang.IndexOutOfBoundsException -->
          <reporter-output>
          </reporter-output>
        </test-method> <!-- yatra_search_flight -->
        <test-method is-config="true" signature="tearDown(org.testng.ITestResult)[pri:0, instance:yatra.testcases.YatraSearchFlights@3bb9a3ff]" started-at="2026-06-23T12:17:52 IST" name="tearDown" finished-at="2026-06-23T12:17:55 IST" duration-ms="2329" status="PASS">
          <params>
            <param index="0">
              <value>
                <![CDATA[[TestResult name=yatra_search_flight status=FAILURE method=YatraSearchFlights.yatra_search_flight(java.util.Map)[pri:0, instance:yatra.testcases.YatraSearchFlights@3bb9a3ff] output={null}]]]>
              </value>
            </param>
          </params>
          <reporter-output>
          </reporter-output>
        </test-method> <!-- tearDown -->
        <test-method is-config="true" signature="setup(java.lang.String)[pri:0, instance:yatra.testcases.YatraSearchFlights@3bb9a3ff]" started-at="2026-06-23T12:17:55 IST" name="setup" finished-at="2026-06-23T12:18:01 IST" duration-ms="6055" status="PASS">
          <params>
            <param index="0">
              <value>
                <![CDATA[firefox]]>
              </value>
            </param>
          </params>
          <reporter-output>
          </reporter-output>
        </test-method> <!-- setup -->
        <test-method signature="yatra_search_flight(java.util.Map)[pri:0, instance:yatra.testcases.YatraSearchFlights@3bb9a3ff]" started-at="2026-06-23T12:18:01 IST" name="yatra_search_flight" description="Yatra - Search flight and get cheapest flight for given n days" data-provider="flightSearchData" finished-at="2026-06-23T12:19:13 IST" duration-ms="71903" status="FAIL">
          <params>
            <param index="0">
              <value>
                <![CDATA[{cabinClass=Premium Economy, travellers=2,2,1, daysToCheck=6, from=Boston, to=Amsterdam, depart=today+10, return=today+month}]]>
              </value>
            </param>
          </params>
          <exception class="java.lang.RuntimeException">
            <message>
              <![CDATA[Element not found or not visible: By.xpath: //div[@class='month-name full' and contains(text(),'Jul 2026')]/..//span[@class='full date-val' and text()='5']]]>
            </message>
            <full-stacktrace>
              <![CDATA[java.lang.RuntimeException: Element not found or not visible: By.xpath: //div[@class='month-name full' and contains(text(),'Jul 2026')]/..//span[@class='full date-val' and text()='5']
at utils.Element.getElement(Element.java:47)
at utils.Element.click(Element.java:34)
at yatra.pages.YatraSearchResultsPage.clickDate(YatraSearchResultsPage.java:107)
at yatra.pages.YatraSearchResultsPage.getFareForNextNDays(YatraSearchResultsPage.java:75)
at yatra.testcases.YatraSearchFlights.yatra_search_flight(YatraSearchFlights.java:71)
at java.base/jdk.internal.reflect.NativeMethodAccessorImpl.invoke0(Native Method)
at java.base/jdk.internal.reflect.NativeMethodAccessorImpl.invoke(NativeMethodAccessorImpl.java:77)
at java.base/jdk.internal.reflect.DelegatingMethodAccessorImpl.invoke(DelegatingMethodAccessorImpl.java:43)
at java.base/java.lang.reflect.Method.invoke(Method.java:568)
at org.testng.internal.invokers.MethodInvocationHelper.invokeMethod(MethodInvocationHelper.java:141)
at org.testng.internal.invokers.TestInvoker.invokeMethod(TestInvoker.java:686)
at org.testng.internal.invokers.TestInvoker.invokeTestMethod(TestInvoker.java:230)
at org.testng.internal.invokers.MethodRunner.runInSequence(MethodRunner.java:63)
at org.testng.internal.invokers.TestInvoker$MethodInvocationAgent.invoke(TestInvoker.java:992)
at org.testng.internal.invokers.TestInvoker.invokeTestMethods(TestInvoker.java:203)
at org.testng.internal.invokers.TestMethodWorker.invokeTestMethods(TestMethodWorker.java:154)
at org.testng.internal.invokers.TestMethodWorker.run(TestMethodWorker.java:134)
at java.base/java.util.ArrayList.forEach(ArrayList.java:1511)
at org.testng.TestRunner.privateRun(TestRunner.java:739)
at org.testng.TestRunner.run(TestRunner.java:614)
at org.testng.SuiteRunner.runTest(SuiteRunner.java:421)
at org.testng.SuiteRunner$SuiteWorker.run(SuiteRunner.java:463)
at org.testng.internal.thread.ThreadUtil.lambda$execute$0(ThreadUtil.java:64)
at java.base/java.util.concurrent.FutureTask.run(FutureTask.java:264)
at java.base/java.util.concurrent.ThreadPoolExecutor.runWorker(ThreadPoolExecutor.java:1136)
at java.base/java.util.concurrent.ThreadPoolExecutor$Worker.run(ThreadPoolExecutor.java:635)
at java.base/java.lang.Thread.run(Thread.java:842)
Caused by: org.openqa.selenium.TimeoutException: Expected condition failed: waiting for visibility of element found by By.xpath: //div[@class='month-name full' and contains(text(),'Jul 2026')]/..//span[@class='full date-val' and text()='5'], but... org.openqa.selenium.NoSuchElementException: Unable to locate element: //div[@class='month-name full' and contains(text(),'Jul 2026')]/..//span[@class='full date-val' and text()='5'].
(tried for 5 seconds with 500 milliseconds interval)
Build info: version: '4.45.0', revision: 'cd6a3cd cd6a3cdfca6970f62e5bc8344109d0fe0e2af05e'
System info: os.name: 'Windows 11', os.arch: 'amd64', os.version: '10.0', java.version: '17.0.15'
Driver info: org.openqa.selenium.firefox.FirefoxDriver
Capabilities {acceptInsecureCerts: true, browserName: firefox, browserVersion: 152.0.1, moz:accessibilityChecks: false, moz:buildID: 20260617213557, moz:geckodriverVersion: 0.37.0, moz:headless: false, moz:platformVersion: 10.0, moz:processID: 2892, moz:profile: C:\Users\BAPS\AppData\Local..., moz:shutdownTimeout: 60000, moz:webdriverClick: true, moz:windowless: false, pageLoadStrategy: normal, platformName: windows, proxy: Proxy(), setWindowRect: true, strictFileInteractability: false, timeouts: {implicit: 0, pageLoad: 300000, script: 30000}, unhandledPromptBehavior: dismiss and notify, userAgent: Mozilla/5.0 (Windows NT 10....}
Session ID: 4bb51d5c-b78d-4588-a3d1-df7537492623
at org.openqa.selenium.support.ui.WebDriverWait.timeoutException(WebDriverWait.java:85)
at org.openqa.selenium.support.ui.FluentWait.until(FluentWait.java:234)
at utils.Element.getElement(Element.java:45)
... 26 more
]]>
            </full-stacktrace>
          </exception> <!-- java.lang.RuntimeException -->
          <reporter-output>
          </reporter-output>
        </test-method> <!-- yatra_search_flight -->
        <test-method is-config="true" signature="tearDown(org.testng.ITestResult)[pri:0, instance:yatra.testcases.YatraSearchFlights@3bb9a3ff]" started-at="2026-06-23T12:19:13 IST" name="tearDown" finished-at="2026-06-23T12:19:15 IST" duration-ms="2544" status="PASS">
          <params>
            <param index="0">
              <value>
                <![CDATA[[TestResult name=yatra_search_flight status=FAILURE method=YatraSearchFlights.yatra_search_flight(java.util.Map)[pri:0, instance:yatra.testcases.YatraSearchFlights@3bb9a3ff] output={null}]]]>
              </value>
            </param>
          </params>
          <reporter-output>
          </reporter-output>
        </test-method> <!-- tearDown -->
      </class> <!-- yatra.testcases.YatraSearchFlights -->
    </test> <!-- firefox -->
    <test started-at="2026-06-23T12:17:25 IST" name="Chrome" finished-at="2026-06-23T12:21:20 IST" duration-ms="234119">
      <class name="yatra.testcases.YatraSearchFlights">
        <test-method is-config="true" signature="setup(java.lang.String)[pri:0, instance:yatra.testcases.YatraSearchFlights@63355449]" started-at="2026-06-23T12:17:26 IST" name="setup" finished-at="2026-06-23T12:17:29 IST" duration-ms="2954" status="PASS">
          <params>
            <param index="0">
              <value>
                <![CDATA[chrome]]>
              </value>
            </param>
          </params>
          <reporter-output>
          </reporter-output>
        </test-method> <!-- setup -->
        <test-method signature="yatra_search_flight(java.util.Map)[pri:0, instance:yatra.testcases.YatraSearchFlights@63355449]" started-at="2026-06-23T12:17:29 IST" name="yatra_search_flight" description="Yatra - Search flight and get cheapest flight for given n days" data-provider="flightSearchData" finished-at="2026-06-23T12:19:09 IST" duration-ms="100742" status="PASS">
          <params>
            <param index="0">
              <value>
                <![CDATA[{cabinClass=Economy, travellers=1,1,1, daysToCheck=5, from=Boston, to=Amsterdam, depart=today+1, return=today+9}]]>
              </value>
            </param>
          </params>
          <reporter-output>
          </reporter-output>
        </test-method> <!-- yatra_search_flight -->
        <test-method is-config="true" signature="tearDown(org.testng.ITestResult)[pri:0, instance:yatra.testcases.YatraSearchFlights@63355449]" started-at="2026-06-23T12:19:09 IST" name="tearDown" finished-at="2026-06-23T12:19:10 IST" duration-ms="449" status="PASS">
          <params>
            <param index="0">
              <value>
                <![CDATA[[TestResult name=yatra_search_flight status=SUCCESS method=YatraSearchFlights.yatra_search_flight(java.util.Map)[pri:0, instance:yatra.testcases.YatraSearchFlights@63355449] output={null}]]]>
              </value>
            </param>
          </params>
          <reporter-output>
          </reporter-output>
        </test-method> <!-- tearDown -->
        <test-method is-config="true" signature="setup(java.lang.String)[pri:0, instance:yatra.testcases.YatraSearchFlights@63355449]" started-at="2026-06-23T12:19:10 IST" name="setup" finished-at="2026-06-23T12:19:11 IST" duration-ms="1323" status="PASS">
          <params>
            <param index="0">
              <value>
                <![CDATA[chrome]]>
              </value>
            </param>
          </params>
          <reporter-output>
          </reporter-output>
        </test-method> <!-- setup -->
        <test-method signature="yatra_search_flight(java.util.Map)[pri:0, instance:yatra.testcases.YatraSearchFlights@63355449]" started-at="2026-06-23T12:19:11 IST" name="yatra_search_flight" description="Yatra - Search flight and get cheapest flight for given n days" data-provider="flightSearchData" finished-at="2026-06-23T12:21:19 IST" duration-ms="128006" status="PASS">
          <params>
            <param index="0">
              <value>
                <![CDATA[{cabinClass=Premium Economy, travellers=2,2,1, daysToCheck=6, from=Boston, to=Amsterdam, depart=today+10, return=today+month}]]>
              </value>
            </param>
          </params>
          <reporter-output>
          </reporter-output>
        </test-method> <!-- yatra_search_flight -->
        <test-method is-config="true" signature="tearDown(org.testng.ITestResult)[pri:0, instance:yatra.testcases.YatraSearchFlights@63355449]" started-at="2026-06-23T12:21:19 IST" name="tearDown" finished-at="2026-06-23T12:21:20 IST" duration-ms="535" status="PASS">
          <params>
            <param index="0">
              <value>
                <![CDATA[[TestResult name=yatra_search_flight status=SUCCESS method=YatraSearchFlights.yatra_search_flight(java.util.Map)[pri:0, instance:yatra.testcases.YatraSearchFlights@63355449] output={null}]]]>
              </value>
            </param>
          </params>
          <reporter-output>
          </reporter-output>
        </test-method> <!-- tearDown -->
      </class> <!-- yatra.testcases.YatraSearchFlights -->
    </test> <!-- Chrome -->
    <test started-at="2026-06-23T12:19:15 IST" name="edge" finished-at="2026-06-23T12:22:26 IST" duration-ms="191052">
      <class name="yatra.testcases.YatraSearchFlights">
        <test-method is-config="true" signature="setup(java.lang.String)[pri:0, instance:yatra.testcases.YatraSearchFlights@5af3afd9]" started-at="2026-06-23T12:19:15 IST" name="setup" finished-at="2026-06-23T12:19:18 IST" duration-ms="3037" status="PASS">
          <params>
            <param index="0">
              <value>
                <![CDATA[edge]]>
              </value>
            </param>
          </params>
          <reporter-output>
          </reporter-output>
        </test-method> <!-- setup -->
        <test-method signature="yatra_search_flight(java.util.Map)[pri:0, instance:yatra.testcases.YatraSearchFlights@5af3afd9]" started-at="2026-06-23T12:19:18 IST" name="yatra_search_flight" description="Yatra - Search flight and get cheapest flight for given n days" data-provider="flightSearchData" finished-at="2026-06-23T12:20:52 IST" duration-ms="93898" status="PASS">
          <params>
            <param index="0">
              <value>
                <![CDATA[{cabinClass=Economy, travellers=1,1,1, daysToCheck=5, from=Boston, to=Amsterdam, depart=today+1, return=today+9}]]>
              </value>
            </param>
          </params>
          <reporter-output>
          </reporter-output>
        </test-method> <!-- yatra_search_flight -->
        <test-method is-config="true" signature="tearDown(org.testng.ITestResult)[pri:0, instance:yatra.testcases.YatraSearchFlights@5af3afd9]" started-at="2026-06-23T12:20:52 IST" name="tearDown" finished-at="2026-06-23T12:20:53 IST" duration-ms="1140" status="PASS">
          <params>
            <param index="0">
              <value>
                <![CDATA[[TestResult name=yatra_search_flight status=SUCCESS method=YatraSearchFlights.yatra_search_flight(java.util.Map)[pri:0, instance:yatra.testcases.YatraSearchFlights@5af3afd9] output={null}]]]>
              </value>
            </param>
          </params>
          <reporter-output>
          </reporter-output>
        </test-method> <!-- tearDown -->
        <test-method is-config="true" signature="setup(java.lang.String)[pri:0, instance:yatra.testcases.YatraSearchFlights@5af3afd9]" started-at="2026-06-23T12:20:53 IST" name="setup" finished-at="2026-06-23T12:20:56 IST" duration-ms="2975" status="PASS">
          <params>
            <param index="0">
              <value>
                <![CDATA[edge]]>
              </value>
            </param>
          </params>
          <reporter-output>
          </reporter-output>
        </test-method> <!-- setup -->
        <test-method signature="yatra_search_flight(java.util.Map)[pri:0, instance:yatra.testcases.YatraSearchFlights@5af3afd9]" started-at="2026-06-23T12:20:56 IST" name="yatra_search_flight" description="Yatra - Search flight and get cheapest flight for given n days" data-provider="flightSearchData" finished-at="2026-06-23T12:22:26 IST" duration-ms="89127" status="PASS">
          <params>
            <param index="0">
              <value>
                <![CDATA[{cabinClass=Premium Economy, travellers=2,2,1, daysToCheck=6, from=Boston, to=Amsterdam, depart=today+10, return=today+month}]]>
              </value>
            </param>
          </params>
          <reporter-output>
          </reporter-output>
        </test-method> <!-- yatra_search_flight -->
        <test-method is-config="true" signature="tearDown(org.testng.ITestResult)[pri:0, instance:yatra.testcases.YatraSearchFlights@5af3afd9]" started-at="2026-06-23T12:22:26 IST" name="tearDown" finished-at="2026-06-23T12:22:26 IST" duration-ms="858" status="PASS">
          <params>
            <param index="0">
              <value>
                <![CDATA[[TestResult name=yatra_search_flight status=SUCCESS method=YatraSearchFlights.yatra_search_flight(java.util.Map)[pri:0, instance:yatra.testcases.YatraSearchFlights@5af3afd9] output={null}]]]>
              </value>
            </param>
          </params>
          <reporter-output>
          </reporter-output>
        </test-method> <!-- tearDown -->
      </class> <!-- yatra.testcases.YatraSearchFlights -->
    </test> <!-- edge -->
  </suite> <!-- Suite -->
</testng-results>
