<?xml version="1.0" encoding="UTF-8"?>
<testsuite xmlns:xsi="http://www.w3.org/2001/XMLSchema-instance" xsi:noNamespaceSchemaLocation="https://maven.apache.org/surefire/maven-surefire-plugin/xsd/surefire-test-report-3.0.xsd" version="3.0" name="TestSuite" time="302.002" tests="6" errors="0" skipped="0" failures="2">
  <properties>
[...]
</properties>
  <testcase name="yatra_search_flight[{cabinClass=Economy, travellers=1,1,1, daysToCheck=5, from=Boston, to=Amsterdam, depart=today+1, return=today+9}](1)" classname="yatra.testcases.YatraSearchFlights" time="17.495">
    <failure message="Index 1 out of bounds for length 0" type="java.lang.IndexOutOfBoundsException"><![CDATA[java.lang.IndexOutOfBoundsException: Index 1 out of bounds for length 0
	at java.base/jdk.internal.util.Preconditions.outOfBounds(Preconditions.java:64)
	at java.base/jdk.internal.util.Preconditions.outOfBoundsCheckIndex(Preconditions.java:70)
	at java.base/jdk.internal.util.Preconditions.checkIndex(Preconditions.java:266)
	at java.base/java.util.Objects.checkIndex(Objects.java:359)
	at java.base/java.util.ArrayList.get(ArrayList.java:427)
	at yatra.pages.YatraHomePage.navigateToMonth(YatraHomePage.java:86)
	at yatra.pages.YatraHomePage.selectDate(YatraHomePage.java:79)
	at yatra.pages.YatraHomePage.selectDepartureDate(YatraHomePage.java:61)
	at yatra.testcases.YatraSearchFlights.yatra_search_flight(YatraSearchFlights.java:63)
	at java.base/jdk.internal.reflect.NativeMethodAccessorImpl.invoke0(Native Method)
	at java.base/jdk.internal.reflect.NativeMethodAccessorImpl.invoke(NativeMethodAccessorImpl.java:77)
	at java.base/jdk.internal.reflect.DelegatingMethodAccessorImpl.invoke(DelegatingMethodAccessorImpl.java:43)
	at java.base/java.lang.reflect.Method.invoke(Method.java:568)
	at org.testng.internal.invokers.MethodInvocationHelper.invokeMethod(MethodInvocationHelper.java:141)
	at org.testng.internal.invokers.TestInvoker.invokeMethod(TestInvoker.java:686)
	at org.testng.internal.invokers.TestInvoker.invokeTestMethod(TestInvoker.java:230)
	at org.testng.internal.invokers.MethodRunner.runInSequence(MethodRunner.java:63)
	at org.testng.internal.invokers.TestInvoker$MethodInvocationAgent.invoke(TestInvoker.java:992)
	at org.testng.internal.invokers.TestInvoker.invokeTestMethods(TestInvoker.java:203)
	at org.testng.internal.invokers.TestMethodWorker.invokeTestMethods(TestMethodWorker.java:154)
	at org.testng.internal.invokers.TestMethodWorker.run(TestMethodWorker.java:134)
	at java.base/java.util.ArrayList.forEach(ArrayList.java:1511)
	at org.testng.TestRunner.privateRun(TestRunner.java:739)
	at org.testng.TestRunner.run(TestRunner.java:614)
	at org.testng.SuiteRunner.runTest(SuiteRunner.java:421)
	at org.testng.SuiteRunner$SuiteWorker.run(SuiteRunner.java:463)
	at org.testng.internal.thread.ThreadUtil.lambda$execute$0(ThreadUtil.java:64)
	at java.base/java.util.concurrent.FutureTask.run(FutureTask.java:264)
	at java.base/java.util.concurrent.ThreadPoolExecutor.runWorker(ThreadPoolExecutor.java:1136)
	at java.base/java.util.concurrent.ThreadPoolExecutor$Worker.run(ThreadPoolExecutor.java:635)
	at java.base/java.lang.Thread.run(Thread.java:842)
]]></failure>
    <system-out><![CDATA[Element clicked : By.xpath: //div[contains(@aria-label,'Departure From')]
Element clicked : By.xpath: //li//span[text()='Boston']
From City is set to :Boston
Element clicked : By.xpath: //div[contains(@aria-label,'Going To')]
Element clicked : By.xpath: //li//span[text()='Amsterdam']
From City is set to :Amsterdam
Element clicked : By.xpath: //span[text()='Departure Date']/ancestor::div[contains(@aria-label,'Departure Date')]
Element clicked : By.xpath: //div[@class='react-datepicker__month-container'][.//span[contains(.,'June') and contains(.,'2026')]]//div[contains(@aria-label,'Choose')]/span[contains(text(),'24')]
Element clicked : By.xpath: //span[text()='Return Date']/ancestor::div[contains(@aria-label,'Return Date')]
Element clicked : By.xpath: //div[@class='react-datepicker__month-container'][.//span[contains(.,'July') and contains(.,'2026')]]//div[contains(@aria-label,'Choose')]/span[contains(text(),'2')]
Element clicked : By.xpath: //span[text()='Travellers & Class']/ancestor::div[contains(@aria-label,'Travellers class')]
Element clicked : By.xpath: //p[text()='Adult']/following-sibling::div//li[text()='1']
Element clicked : By.xpath: //div[contains(@aria-label,'Departure From')]
Element clicked : By.xpath: //p[text()='Child']/following-sibling::div//li[text()='1']
Element clicked : By.xpath: //p[text()='Infant']/following-sibling::div//li[text()='1']
Element clicked : By.xpath: //label[@aria-label='Economy']
Element clicked : By.xpath: //button[text()='Done']
Element clicked : By.xpath: //button[text()='Search']
Search button clicked
Element clicked : By.xpath: //li//span[text()='Boston']
From City is set to :Boston
Element clicked : By.xpath: //div[contains(@aria-label,'Going To')]
Element clicked : By.xpath: //li//span[text()='Amsterdam']
From City is set to :Amsterdam
Element clicked : By.xpath: //span[text()='Departure Date']/ancestor::div[contains(@aria-label,'Departure Date')]
]]></system-out>
    <system-err><![CDATA[SLF4J: Failed to load class "org.slf4j.impl.StaticLoggerBinder".
SLF4J: Defaulting to no-operation (NOP) logger implementation
SLF4J: See http://www.slf4j.org/codes.html#StaticLoggerBinder for further details.
]]></system-err>
  </testcase>
  <testcase name="yatra_search_flight[{cabinClass=Economy, travellers=1,1,1, daysToCheck=5, from=Boston, to=Amsterdam, depart=today+1, return=today+9}](1)" classname="yatra.testcases.YatraSearchFlights" time="68.458">
    <system-out><![CDATA[Screenshot is saved in this location : target/screenshots/yatra_search_flight_20260623_121752.png
Total Fare is :1,23,856
Element clicked : By.xpath: //div[contains(@aria-label,'Departure From')]
Element clicked : By.xpath: //span[text()='Date']/following-sibling::input[@name='flight_depart_date_0']
Element clicked : By.xpath: //div[@class='month-name full' and contains(text(),'Jun 2026')]/..//span[@class='full date-val' and text()='25']
Element clicked : By.xpath: //li//span[text()='Boston']
From City is set to :Boston
Element clicked : By.xpath: //div[contains(@aria-label,'Going To')]
Element clicked : By.xpath: //li//span[text()='Amsterdam']
From City is set to :Amsterdam
Element clicked : By.xpath: //span[text()='Departure Date']/ancestor::div[contains(@aria-label,'Departure Date')]
Element clicked : By.xpath: //div[@class='react-datepicker__month-container'][.//span[contains(.,'July') and contains(.,'2026')]]//div[contains(@aria-label,'Choose')]/span[contains(text(),'3')]
Element clicked : By.xpath: //span[text()='Return Date']/ancestor::div[contains(@aria-label,'Return Date')]
Element clicked : By.xpath: //button/span[text()='Search Again']
Element clicked : By.xpath: //div[@class='react-datepicker__month-container'][.//span[contains(.,'July') and contains(.,'2026')]]//div[contains(@aria-label,'Choose')]/span[contains(text(),'23')]
Element clicked : By.xpath: //span[text()='Travellers & Class']/ancestor::div[contains(@aria-label,'Travellers class')]
Element clicked : By.xpath: //p[text()='Adult']/following-sibling::div//li[text()='2']
Element clicked : By.xpath: //span[text()='Date']/following-sibling::input[@name='flight_depart_date_0']
Element clicked : By.xpath: //p[text()='Child']/following-sibling::div//li[text()='2']
Element clicked : By.xpath: //p[text()='Infant']/following-sibling::div//li[text()='1']
Element clicked : By.xpath: //label[@aria-label='Premium Economy']
Element clicked : By.xpath: //div[@class='month-name full' and contains(text(),'Jun 2026')]/..//span[@class='full date-val' and text()='26']
Element clicked : By.xpath: //button[text()='Done']
Element clicked : By.xpath: //button/span[text()='Search Again']
Element clicked : By.xpath: //button[text()='Search']
Search button clicked
Element clicked : By.xpath: //span[text()='Date']/following-sibling::input[@name='flight_depart_date_0']
Element clicked : By.xpath: //div[@class='month-name full' and contains(text(),'Jun 2026')]/..//span[@class='full date-val' and text()='27']
Element clicked : By.xpath: //button/span[text()='Search Again']
Total Fare is :2,25,496
Element clicked : By.xpath: //span[text()='Date']/following-sibling::input[@name='flight_depart_date_0']
Element clicked : By.xpath: //div[@class='month-name full' and contains(text(),'Jul 2026')]/..//span[@class='full date-val' and text()='4']
Element clicked : By.xpath: //button/span[text()='Search Again']
Element clicked : By.xpath: //span[text()='Date']/following-sibling::input[@name='flight_depart_date_0']
Element clicked : By.xpath: //span[text()='Date']/following-sibling::input[@name='flight_depart_date_0']
Element clicked : By.xpath: //div[@class='month-name full' and contains(text(),'Jun 2026')]/..//span[@class='full date-val' and text()='28']
Element clicked : By.xpath: //button/span[text()='Search Again']
Element clicked : By.xpath: //span[text()='Date']/following-sibling::input[@name='flight_depart_date_0']
Element clicked : By.xpath: //div[@class='month-name full' and contains(text(),'Jun 2026')]/..//span[@class='full date-val' and text()='29']
Element clicked : By.xpath: //button/span[text()='Search Again']
{27/06/2026=123856.0, 28/06/2026=125077.0, 25/06/2026=123856.0, 29/06/2026=123856.0, 26/06/2026=109973.0}
Lowest fare for the trip will be : 26/06/2026=109973.0
]]></system-out>
  </testcase>
  <testcase name="yatra_search_flight[{cabinClass=Economy, travellers=1,1,1, daysToCheck=5, from=Boston, to=Amsterdam, depart=today+1, return=today+9}](1)" classname="yatra.testcases.YatraSearchFlights" time="93.898">
    <system-out><![CDATA[Screenshot is saved in this location : target/screenshots/yatra_search_flight_20260623_121913.png
Element clicked : By.xpath: //div[contains(@aria-label,'Departure From')]
Element clicked : By.xpath: //li//span[text()='Boston']
From City is set to :Boston
Element clicked : By.xpath: //div[contains(@aria-label,'Going To')]
Element clicked : By.xpath: //li//span[text()='Amsterdam']
From City is set to :Amsterdam
Element clicked : By.xpath: //div[contains(@aria-label,'Departure From')]
Element clicked : By.xpath: //span[text()='Departure Date']/ancestor::div[contains(@aria-label,'Departure Date')]
Element clicked : By.xpath: //div[@class='react-datepicker__month-container'][.//span[contains(.,'July') and contains(.,'2026')]]//div[contains(@aria-label,'Choose')]/span[contains(text(),'3')]
Element clicked : By.xpath: //li//span[text()='Boston']
From City is set to :Boston
Element clicked : By.xpath: //span[text()='Return Date']/ancestor::div[contains(@aria-label,'Return Date')]
Element clicked : By.xpath: //div[contains(@aria-label,'Going To')]
Element clicked : By.xpath: //div[@class='react-datepicker__month-container'][.//span[contains(.,'July') and contains(.,'2026')]]//div[contains(@aria-label,'Choose')]/span[contains(text(),'23')]
Element clicked : By.xpath: //span[text()='Travellers & Class']/ancestor::div[contains(@aria-label,'Travellers class')]
Element clicked : By.xpath: //li//span[text()='Amsterdam']
From City is set to :Amsterdam
Element clicked : By.xpath: //p[text()='Adult']/following-sibling::div//li[text()='2']
Element clicked : By.xpath: //span[text()='Departure Date']/ancestor::div[contains(@aria-label,'Departure Date')]
Element clicked : By.xpath: //p[text()='Child']/following-sibling::div//li[text()='2']
Element clicked : By.xpath: //div[@class='react-datepicker__month-container'][.//span[contains(.,'June') and contains(.,'2026')]]//div[contains(@aria-label,'Choose')]/span[contains(text(),'24')]
Element clicked : By.xpath: //p[text()='Infant']/following-sibling::div//li[text()='1']
Element clicked : By.xpath: //label[@aria-label='Premium Economy']
Element clicked : By.xpath: //span[text()='Return Date']/ancestor::div[contains(@aria-label,'Return Date')]
Element clicked : By.xpath: //button[text()='Done']
Element clicked : By.xpath: //div[@class='react-datepicker__month-container'][.//span[contains(.,'July') and contains(.,'2026')]]//div[contains(@aria-label,'Choose')]/span[contains(text(),'2')]
Element clicked : By.xpath: //span[text()='Travellers & Class']/ancestor::div[contains(@aria-label,'Travellers class')]
Element clicked : By.xpath: //p[text()='Adult']/following-sibling::div//li[text()='1']
Element clicked : By.xpath: //p[text()='Child']/following-sibling::div//li[text()='1']
Element clicked : By.xpath: //p[text()='Infant']/following-sibling::div//li[text()='1']
Element clicked : By.xpath: //label[@aria-label='Economy']
Element clicked : By.xpath: //button[text()='Search']
Search button clicked
Element clicked : By.xpath: //button[text()='Done']
Element clicked : By.xpath: //button[text()='Search']
Search button clicked
Total Fare is :2,25,496
Total Fare is :1,23,856
Element clicked : By.xpath: //span[text()='Date']/following-sibling::input[@name='flight_depart_date_0']
Element clicked : By.xpath: //span[text()='Date']/following-sibling::input[@name='flight_depart_date_0']
Element clicked : By.xpath: //div[@class='month-name full' and contains(text(),'Jul 2026')]/..//span[@class='full date-val' and text()='4']
Element clicked : By.xpath: //div[@class='month-name full' and contains(text(),'Jun 2026')]/..//span[@class='full date-val' and text()='25']
Element clicked : By.xpath: //button/span[text()='Search Again']
Element clicked : By.xpath: //span[text()='Date']/following-sibling::input[@name='flight_depart_date_0']
Element clicked : By.xpath: //div[@class='month-name full' and contains(text(),'Jun 2026')]/..//span[@class='full date-val' and text()='26']
Element clicked : By.xpath: //button/span[text()='Search Again']
Element clicked : By.xpath: //span[text()='Date']/following-sibling::input[@name='flight_depart_date_0']
Element clicked : By.xpath: //div[@class='month-name full' and contains(text(),'Jul 2026')]/..//span[@class='full date-val' and text()='5']
Element clicked : By.xpath: //button/span[text()='Search Again']
Element clicked : By.xpath: //span[text()='Date']/following-sibling::input[@name='flight_depart_date_0']
Element clicked : By.xpath: //div[@class='month-name full' and contains(text(),'Jun 2026')]/..//span[@class='full date-val' and text()='27']
Element clicked : By.xpath: //button/span[text()='Search Again']
Element clicked : By.xpath: //button/span[text()='Search Again']
Element clicked : By.xpath: //span[text()='Date']/following-sibling::input[@name='flight_depart_date_0']
Element clicked : By.xpath: //div[@class='month-name full' and contains(text(),'Jul 2026')]/..//span[@class='full date-val' and text()='6']
Element clicked : By.xpath: //button/span[text()='Search Again']
Element clicked : By.xpath: //span[text()='Date']/following-sibling::input[@name='flight_depart_date_0']
Element clicked : By.xpath: //div[@class='month-name full' and contains(text(),'Jun 2026')]/..//span[@class='full date-val' and text()='28']
Element clicked : By.xpath: //button/span[text()='Search Again']
Element clicked : By.xpath: //span[text()='Date']/following-sibling::input[@name='flight_depart_date_0']
Element clicked : By.xpath: //div[@class='month-name full' and contains(text(),'Jul 2026')]/..//span[@class='full date-val' and text()='7']
Element clicked : By.xpath: //span[text()='Date']/following-sibling::input[@name='flight_depart_date_0']
Element clicked : By.xpath: //div[@class='month-name full' and contains(text(),'Jun 2026')]/..//span[@class='full date-val' and text()='29']
Element clicked : By.xpath: //button/span[text()='Search Again']
Element clicked : By.xpath: //button/span[text()='Search Again']
Element clicked : By.xpath: //span[text()='Date']/following-sibling::input[@name='flight_depart_date_0']
Element clicked : By.xpath: //div[@class='month-name full' and contains(text(),'Jul 2026')]/..//span[@class='full date-val' and text()='8']
{27/06/2026=123856.0, 28/06/2026=123856.0, 25/06/2026=123856.0, 29/06/2026=123856.0, 26/06/2026=109973.0}
Lowest fare for the trip will be : 26/06/2026=109973.0
]]></system-out>
  </testcase>
  <testcase name="yatra_search_flight[{cabinClass=Premium Economy, travellers=2,2,1, daysToCheck=6, from=Boston, to=Amsterdam, depart=today+10, return=today+month}](2)" classname="yatra.testcases.YatraSearchFlights" time="1.675">
    <failure message="Element not found or not visible: By.xpath: //div[@class=&apos;month-name full&apos; and contains(text(),&apos;Jul 2026&apos;)]/..//span[@class=&apos;full date-val&apos; and text()=&apos;5&apos;]" type="java.lang.RuntimeException"><![CDATA[java.lang.RuntimeException: Element not found or not visible: By.xpath: //div[@class='month-name full' and contains(text(),'Jul 2026')]/..//span[@class='full date-val' and text()='5']
	at utils.Element.getElement(Element.java:47)
	at utils.Element.click(Element.java:34)
	at yatra.pages.YatraSearchResultsPage.clickDate(YatraSearchResultsPage.java:107)
	at yatra.pages.YatraSearchResultsPage.getFareForNextNDays(YatraSearchResultsPage.java:75)
	at yatra.testcases.YatraSearchFlights.yatra_search_flight(YatraSearchFlights.java:71)
	at java.base/jdk.internal.reflect.NativeMethodAccessorImpl.invoke0(Native Method)
	at java.base/jdk.internal.reflect.NativeMethodAccessorImpl.invoke(NativeMethodAccessorImpl.java:77)
	at java.base/jdk.internal.reflect.DelegatingMethodAccessorImpl.invoke(DelegatingMethodAccessorImpl.java:43)
	at java.base/java.lang.reflect.Method.invoke(Method.java:568)
	at org.testng.internal.invokers.MethodInvocationHelper.invokeMethod(MethodInvocationHelper.java:141)
	at org.testng.internal.invokers.TestInvoker.invokeMethod(TestInvoker.java:686)
	at org.testng.internal.invokers.TestInvoker.invokeTestMethod(TestInvoker.java:230)
	at org.testng.internal.invokers.MethodRunner.runInSequence(MethodRunner.java:63)
	at org.testng.internal.invokers.TestInvoker$MethodInvocationAgent.invoke(TestInvoker.java:992)
	at org.testng.internal.invokers.TestInvoker.invokeTestMethods(TestInvoker.java:203)
	at org.testng.internal.invokers.TestMethodWorker.invokeTestMethods(TestMethodWorker.java:154)
	at org.testng.internal.invokers.TestMethodWorker.run(TestMethodWorker.java:134)
	at java.base/java.util.ArrayList.forEach(ArrayList.java:1511)
	at org.testng.TestRunner.privateRun(TestRunner.java:739)
	at org.testng.TestRunner.run(TestRunner.java:614)
	at org.testng.SuiteRunner.runTest(SuiteRunner.java:421)
	at org.testng.SuiteRunner$SuiteWorker.run(SuiteRunner.java:463)
	at org.testng.internal.thread.ThreadUtil.lambda$execute$0(ThreadUtil.java:64)
	at java.base/java.util.concurrent.FutureTask.run(FutureTask.java:264)
	at java.base/java.util.concurrent.ThreadPoolExecutor.runWorker(ThreadPoolExecutor.java:1136)
	at java.base/java.util.concurrent.ThreadPoolExecutor$Worker.run(ThreadPoolExecutor.java:635)
	at java.base/java.lang.Thread.run(Thread.java:842)
Caused by: org.openqa.selenium.TimeoutException: Expected condition failed: waiting for visibility of element found by By.xpath: //div[@class='month-name full' and contains(text(),'Jul 2026')]/..//span[@class='full date-val' and text()='5'], but... org.openqa.selenium.NoSuchElementException: Unable to locate element: //div[@class='month-name full' and contains(text(),'Jul 2026')]/..//span[@class='full date-val' and text()='5'].
(tried for 5 seconds with 500 milliseconds interval)
Build info: version: '4.45.0', revision: 'cd6a3cd cd6a3cdfca6970f62e5bc8344109d0fe0e2af05e'
System info: os.name: 'Windows 11', os.arch: 'amd64', os.version: '10.0', java.version: '17.0.15'
Driver info: org.openqa.selenium.firefox.FirefoxDriver
Capabilities {acceptInsecureCerts: true, browserName: firefox, browserVersion: 152.0.1, moz:accessibilityChecks: false, moz:buildID: 20260617213557, moz:geckodriverVersion: 0.37.0, moz:headless: false, moz:platformVersion: 10.0, moz:processID: 2892, moz:profile: C:\Users\BAPS\AppData\Local..., moz:shutdownTimeout: 60000, moz:webdriverClick: true, moz:windowless: false, pageLoadStrategy: normal, platformName: windows, proxy: Proxy(), setWindowRect: true, strictFileInteractability: false, timeouts: {implicit: 0, pageLoad: 300000, script: 30000}, unhandledPromptBehavior: dismiss and notify, userAgent: Mozilla/5.0 (Windows NT 10....}
Session ID: 4bb51d5c-b78d-4588-a3d1-df7537492623
	at org.openqa.selenium.support.ui.WebDriverWait.timeoutException(WebDriverWait.java:85)
	at org.openqa.selenium.support.ui.FluentWait.until(FluentWait.java:234)
	at utils.Element.getElement(Element.java:45)
	... 26 more
]]></failure>
  </testcase>
  <testcase name="yatra_search_flight[{cabinClass=Premium Economy, travellers=2,2,1, daysToCheck=6, from=Boston, to=Amsterdam, depart=today+10, return=today+month}](2)" classname="yatra.testcases.YatraSearchFlights" time="22.63">
    <system-out><![CDATA[Element clicked : By.xpath: //button/span[text()='Search Again']
Element clicked : By.xpath: //span[text()='Date']/following-sibling::input[@name='flight_depart_date_0']
Element clicked : By.xpath: //div[@class='month-name full' and contains(text(),'Jul 2026')]/..//span[@class='full date-val' and text()='9']
Element clicked : By.xpath: //button/span[text()='Search Again']
Element clicked : By.xpath: //div[contains(@aria-label,'Departure From')]
Element clicked : By.xpath: //li//span[text()='Boston']
From City is set to :Boston
Element clicked : By.xpath: //div[contains(@aria-label,'Going To')]
Element clicked : By.xpath: //li//span[text()='Amsterdam']
From City is set to :Amsterdam
Element clicked : By.xpath: //span[text()='Departure Date']/ancestor::div[contains(@aria-label,'Departure Date')]
Element clicked : By.xpath: //div[@class='react-datepicker__month-container'][.//span[contains(.,'July') and contains(.,'2026')]]//div[contains(@aria-label,'Choose')]/span[contains(text(),'3')]
Element clicked : By.xpath: //span[text()='Return Date']/ancestor::div[contains(@aria-label,'Return Date')]
Element clicked : By.xpath: //div[@class='react-datepicker__month-container'][.//span[contains(.,'July') and contains(.,'2026')]]//div[contains(@aria-label,'Choose')]/span[contains(text(),'23')]
Element clicked : By.xpath: //span[text()='Travellers & Class']/ancestor::div[contains(@aria-label,'Travellers class')]
Element clicked : By.xpath: //p[text()='Adult']/following-sibling::div//li[text()='2']
Element clicked : By.xpath: //p[text()='Child']/following-sibling::div//li[text()='2']
Element clicked : By.xpath: //p[text()='Infant']/following-sibling::div//li[text()='1']
Element clicked : By.xpath: //label[@aria-label='Premium Economy']
Element clicked : By.xpath: //button[text()='Done']
Element clicked : By.xpath: //button[text()='Search']
Search button clicked
{07/07/2026=224294.0, 09/07/2026=214706.0, 04/07/2026=214706.0, 05/07/2026=233008.0, 08/07/2026=214706.0, 06/07/2026=214706.0}
Lowest fare for the trip will be : 09/07/2026=214706.0
]]></system-out>
  </testcase>
  <testcase name="yatra_search_flight[{cabinClass=Premium Economy, travellers=2,2,1, daysToCheck=6, from=Boston, to=Amsterdam, depart=today+10, return=today+month}](2)" classname="yatra.testcases.YatraSearchFlights" time="89.129">
    <system-out><![CDATA[Total Fare is :2,25,496
Element clicked : By.xpath: //span[text()='Date']/following-sibling::input[@name='flight_depart_date_0']
Element clicked : By.xpath: //div[@class='month-name full' and contains(text(),'Jul 2026')]/..//span[@class='full date-val' and text()='4']
Element clicked : By.xpath: //button/span[text()='Search Again']
Element clicked : By.xpath: //span[text()='Date']/following-sibling::input[@name='flight_depart_date_0']
Element clicked : By.xpath: //div[@class='month-name full' and contains(text(),'Jul 2026')]/..//span[@class='full date-val' and text()='5']
Element clicked : By.xpath: //button/span[text()='Search Again']
Element clicked : By.xpath: //span[text()='Date']/following-sibling::input[@name='flight_depart_date_0']
Element clicked : By.xpath: //div[@class='month-name full' and contains(text(),'Jul 2026')]/..//span[@class='full date-val' and text()='6']
Element clicked : By.xpath: //button/span[text()='Search Again']
Element clicked : By.xpath: //span[text()='Date']/following-sibling::input[@name='flight_depart_date_0']
Element clicked : By.xpath: //div[@class='month-name full' and contains(text(),'Jul 2026')]/..//span[@class='full date-val' and text()='7']
Element clicked : By.xpath: //button/span[text()='Search Again']
Element clicked : By.xpath: //span[text()='Date']/following-sibling::input[@name='flight_depart_date_0']
Element clicked : By.xpath: //div[@class='month-name full' and contains(text(),'Jul 2026')]/..//span[@class='full date-val' and text()='8']
Element clicked : By.xpath: //button/span[text()='Search Again']
Element clicked : By.xpath: //span[text()='Date']/following-sibling::input[@name='flight_depart_date_0']
Element clicked : By.xpath: //div[@class='month-name full' and contains(text(),'Jul 2026')]/..//span[@class='full date-val' and text()='9']
Element clicked : By.xpath: //button/span[text()='Search Again']
{07/07/2026=224294.0, 09/07/2026=214706.0, 04/07/2026=215927.0, 05/07/2026=233008.0, 08/07/2026=214706.0, 06/07/2026=214706.0}
Lowest fare for the trip will be : 09/07/2026=214706.0
]]></system-out>
  </testcase>
</testsuite>